Analysis & Synthesis report for spi_sd
Mon Jan 21 22:55:48 2013
Quartus II Version 11.0 Build 157 04/27/2011 SJ Full Version


---------------------
; Table of Contents ;
---------------------
  1. Legal Notice
  2. Analysis & Synthesis Summary
  3. Analysis & Synthesis Settings
  4. Parallel Compilation
  5. Analysis & Synthesis Source Files Read
  6. Analysis & Synthesis Resource Usage Summary
  7. Analysis & Synthesis Resource Utilization by Entity
  8. State Machine - |spi_sd|zrb_sd_core:spi_core|zrb_spi_rxtx:spi_rxtx|r_state
  9. Registers Removed During Synthesis
 10. General Register Statistics
 11. Multiplexer Restructuring Statistics (Restructuring Performed)
 12. Parameter Settings for User Entity Instance: zrb_sd_core:spi_core
 13. Parameter Settings for User Entity Instance: zrb_sd_core:spi_core|zrb_spi_rxtx:spi_rxtx
 14. Parameter Settings for User Entity Instance: zrb_sd_core:spi_core|zrb_spi_rxtx:spi_rxtx|zrb_sync_fifo:input_fifo
 15. Parameter Settings for User Entity Instance: zrb_sd_core:spi_core|zrb_spi_rxtx:spi_rxtx|zrb_sync_fifo:output_fifo
 16. Parameter Settings for User Entity Instance: zrb_sd_core:spi_core|zrb_clk_generator:spi_clkgen
 17. Port Connectivity Checks: "zrb_sd_core:spi_core|zrb_clk_generator:spi_clkgen"
 18. Port Connectivity Checks: "zrb_sd_core:spi_core|zrb_spi_rxtx:spi_rxtx|zrb_sync_fifo:output_fifo"
 19. Port Connectivity Checks: "zrb_sd_core:spi_core|zrb_spi_rxtx:spi_rxtx|zrb_sync_fifo:input_fifo"
 20. Port Connectivity Checks: "zrb_sd_core:spi_core|zrb_spi_rxtx:spi_rxtx"
 21. Port Connectivity Checks: "zrb_sd_core:spi_core"
 22. Elapsed Time Per Partition
 23. Analysis & Synthesis Messages
 24. Analysis & Synthesis Suppressed Messages



----------------
; Legal Notice ;
----------------
Copyright (C) 1991-2011 Altera Corporation
Your use of Altera Corporation's design tools, logic functions 
and other software and tools, and its AMPP partner logic 
functions, and any output files from any of the foregoing 
(including device programming or simulation files), and any 
associated documentation or information are expressly subject 
to the terms and conditions of the Altera Program License 
Subscription Agreement, Altera MegaCore Function License 
Agreement, or other applicable license agreement, including, 
without limitation, that your use is for the sole purpose of 
programming logic devices manufactured by Altera and sold by 
Altera or its authorized distributors.  Please refer to the 
applicable agreement for further details.



+--------------------------------------------------------------------------------+
; Analysis & Synthesis Summary                                                   ;
+------------------------------------+-------------------------------------------+
; Analysis & Synthesis Status        ; Successful - Mon Jan 21 22:55:48 2013     ;
; Quartus II Version                 ; 11.0 Build 157 04/27/2011 SJ Full Version ;
; Revision Name                      ; spi_sd                                    ;
; Top-level Entity Name              ; spi_sd                                    ;
; Family                             ; Cyclone II                                ;
; Total logic elements               ; 269                                       ;
;     Total combinational functions  ; 219                                       ;
;     Dedicated logic registers      ; 137                                       ;
; Total registers                    ; 137                                       ;
; Total pins                         ; 6                                         ;
; Total virtual pins                 ; 0                                         ;
; Total memory bits                  ; 0                                         ;
; Embedded Multiplier 9-bit elements ; 0                                         ;
; Total PLLs                         ; 0                                         ;
+------------------------------------+-------------------------------------------+


+----------------------------------------------------------------------------------------------------------------------+
; Analysis & Synthesis Settings                                                                                        ;
+----------------------------------------------------------------------------+--------------------+--------------------+
; Option                                                                     ; Setting            ; Default Value      ;
+----------------------------------------------------------------------------+--------------------+--------------------+
; Device                                                                     ; EP2C8Q208C8        ;                    ;
; Top-level entity name                                                      ; spi_sd             ; spi_sd             ;
; Family name                                                                ; Cyclone II         ; Cyclone IV GX      ;
; Use smart compilation                                                      ; Off                ; Off                ;
; Enable parallel Assembler and TimeQuest Timing Analyzer during compilation ; On                 ; On                 ;
; Enable compact report table                                                ; Off                ; Off                ;
; Restructure Multiplexers                                                   ; Auto               ; Auto               ;
; Create Debugging Nodes for IP Cores                                        ; Off                ; Off                ;
; Preserve fewer node names                                                  ; On                 ; On                 ;
; Disable OpenCore Plus hardware evaluation                                  ; Off                ; Off                ;
; Verilog Version                                                            ; Verilog_2001       ; Verilog_2001       ;
; VHDL Version                                                               ; VHDL_1993          ; VHDL_1993          ;
; State Machine Processing                                                   ; Auto               ; Auto               ;
; Safe State Machine                                                         ; Off                ; Off                ;
; Extract Verilog State Machines                                             ; On                 ; On                 ;
; Extract VHDL State Machines                                                ; On                 ; On                 ;
; Ignore Verilog initial constructs                                          ; Off                ; Off                ;
; Iteration limit for constant Verilog loops                                 ; 5000               ; 5000               ;
; Iteration limit for non-constant Verilog loops                             ; 250                ; 250                ;
; Add Pass-Through Logic to Inferred RAMs                                    ; On                 ; On                 ;
; Parallel Synthesis                                                         ; On                 ; On                 ;
; DSP Block Balancing                                                        ; Auto               ; Auto               ;
; NOT Gate Push-Back                                                         ; On                 ; On                 ;
; Power-Up Don't Care                                                        ; On                 ; On                 ;
; Remove Redundant Logic Cells                                               ; Off                ; Off                ;
; Remove Duplicate Registers                                                 ; On                 ; On                 ;
; Ignore CARRY Buffers                                                       ; Off                ; Off                ;
; Ignore CASCADE Buffers                                                     ; Off                ; Off                ;
; Ignore GLOBAL Buffers                                                      ; Off                ; Off                ;
; Ignore ROW GLOBAL Buffers                                                  ; Off                ; Off                ;
; Ignore LCELL Buffers                                                       ; Off                ; Off                ;
; Ignore SOFT Buffers                                                        ; On                 ; On                 ;
; Limit AHDL Integers to 32 Bits                                             ; Off                ; Off                ;
; Optimization Technique                                                     ; Balanced           ; Balanced           ;
; Carry Chain Length                                                         ; 70                 ; 70                 ;
; Auto Carry Chains                                                          ; On                 ; On                 ;
; Auto Open-Drain Pins                                                       ; On                 ; On                 ;
; Perform WYSIWYG Primitive Resynthesis                                      ; Off                ; Off                ;
; Auto ROM Replacement                                                       ; On                 ; On                 ;
; Auto RAM Replacement                                                       ; On                 ; On                 ;
; Auto Shift Register Replacement                                            ; Auto               ; Auto               ;
; Allow Shift Register Merging across Hierarchies                            ; Auto               ; Auto               ;
; Auto Clock Enable Replacement                                              ; On                 ; On                 ;
; Strict RAM Replacement                                                     ; Off                ; Off                ;
; Allow Synchronous Control Signals                                          ; On                 ; On                 ;
; Force Use of Synchronous Clear Signals                                     ; Off                ; Off                ;
; Auto RAM to Logic Cell Conversion                                          ; Off                ; Off                ;
; Auto Resource Sharing                                                      ; Off                ; Off                ;
; Allow Any RAM Size For Recognition                                         ; Off                ; Off                ;
; Allow Any ROM Size For Recognition                                         ; Off                ; Off                ;
; Allow Any Shift Register Size For Recognition                              ; Off                ; Off                ;
; Use LogicLock Constraints during Resource Balancing                        ; On                 ; On                 ;
; Ignore translate_off and synthesis_off directives                          ; Off                ; Off                ;
; Timing-Driven Synthesis                                                    ; Off                ; Off                ;
; Report Parameter Settings                                                  ; On                 ; On                 ;
; Report Source Assignments                                                  ; On                 ; On                 ;
; Report Connectivity Checks                                                 ; On                 ; On                 ;
; Ignore Maximum Fan-Out Assignments                                         ; Off                ; Off                ;
; Synchronization Register Chain Length                                      ; 2                  ; 2                  ;
; PowerPlay Power Optimization                                               ; Normal compilation ; Normal compilation ;
; HDL message level                                                          ; Level2             ; Level2             ;
; Suppress Register Optimization Related Messages                            ; Off                ; Off                ;
; Number of Removed Registers Reported in Synthesis Report                   ; 5000               ; 5000               ;
; Number of Inverted Registers Reported in Synthesis Report                  ; 100                ; 100                ;
; Clock MUX Protection                                                       ; On                 ; On                 ;
; Auto Gated Clock Conversion                                                ; Off                ; Off                ;
; Block Design Naming                                                        ; Auto               ; Auto               ;
; SDC constraint protection                                                  ; Off                ; Off                ;
; Synthesis Effort                                                           ; Auto               ; Auto               ;
; Shift Register Replacement - Allow Asynchronous Clear Signal               ; On                 ; On                 ;
; Analysis & Synthesis Message Level                                         ; Medium             ; Medium             ;
; Disable Register Merging Across Hierarchies                                ; Auto               ; Auto               ;
; Resource Aware Inference For Block RAM                                     ; On                 ; On                 ;
; Synthesis Seed                                                             ; 1                  ; 1                  ;
+----------------------------------------------------------------------------+--------------------+--------------------+


+------------------------------------------+
; Parallel Compilation                     ;
+----------------------------+-------------+
; Processors                 ; Number      ;
+----------------------------+-------------+
; Number detected on machine ; 2           ;
; Maximum allowed            ; 2           ;
;                            ;             ;
; Average used               ; 1.00        ;
; Maximum used               ; 1           ;
;                            ;             ;
; Usage by Processor         ; % Time Used ;
;     1 processor            ; 100.0%      ;
;     2 processors           ;   0.0%      ;
+----------------------------+-------------+


+-------------------------------------------------------------------------------------------------------------------------+
; Analysis & Synthesis Source Files Read                                                                                  ;
+----------------------------------+-----------------+------------------------+-------------------------------------------+
; File Name with User-Entered Path ; Used in Netlist ; File Type              ; File Name with Absolute Path              ;
+----------------------------------+-----------------+------------------------+-------------------------------------------+
; spi_sd.v                         ; yes             ; User Verilog HDL File  ; C:/altera/11.0/spi_sd/spi_sd.v            ;
; zrb_sync_fifo.v                  ; yes             ; User Verilog HDL File  ; C:/altera/11.0/spi_sd/zrb_sync_fifo.v     ;
; zrb_clk_generator.v              ; yes             ; User Verilog HDL File  ; C:/altera/11.0/spi_sd/zrb_clk_generator.v ;
; zrb_spi_rxtx.v                   ; yes             ; User Verilog HDL File  ; C:/altera/11.0/spi_sd/zrb_spi_rxtx.v      ;
; zrb_sd_core.v                    ; yes             ; User Verilog HDL File  ; C:/altera/11.0/spi_sd/zrb_sd_core.v       ;
+----------------------------------+-----------------+------------------------+-------------------------------------------+


+-----------------------------------------------------+
; Analysis & Synthesis Resource Usage Summary         ;
+---------------------------------------------+-------+
; Resource                                    ; Usage ;
+---------------------------------------------+-------+
; Estimated Total logic elements              ; 269   ;
;                                             ;       ;
; Total combinational functions               ; 219   ;
; Logic element usage by number of LUT inputs ;       ;
;     -- 4 input functions                    ; 120   ;
;     -- 3 input functions                    ; 55    ;
;     -- <=2 input functions                  ; 44    ;
;                                             ;       ;
; Logic elements by mode                      ;       ;
;     -- normal mode                          ; 189   ;
;     -- arithmetic mode                      ; 30    ;
;                                             ;       ;
; Total registers                             ; 137   ;
;     -- Dedicated logic registers            ; 137   ;
;     -- I/O registers                        ; 0     ;
;                                             ;       ;
; I/O pins                                    ; 6     ;
; Maximum fan-out node                        ; clk   ;
; Maximum fan-out                             ; 137   ;
; Total fan-out                               ; 1119  ;
; Average fan-out                             ; 3.09  ;
+---------------------------------------------+-------+


+------------------------------------------------------------------------------------------------------------------------------------------------------------------------------------------------------------------------------------------------+
; Analysis & Synthesis Resource Utilization by Entity                                                                                                                                                                                            ;
+--------------------------------------+-------------------+--------------+-------------+--------------+---------+-----------+------+--------------+------------------------------------------------------------------------------+--------------+
; Compilation Hierarchy Node           ; LC Combinationals ; LC Registers ; Memory Bits ; DSP Elements ; DSP 9x9 ; DSP 18x18 ; Pins ; Virtual Pins ; Full Hierarchy Name                                                          ; Library Name ;
+--------------------------------------+-------------------+--------------+-------------+--------------+---------+-----------+------+--------------+------------------------------------------------------------------------------+--------------+
; |spi_sd                              ; 219 (0)           ; 137 (0)      ; 0           ; 0            ; 0       ; 0         ; 6    ; 0            ; |spi_sd                                                                      ;              ;
;    |zrb_sd_core:spi_core|            ; 219 (108)         ; 137 (33)     ; 0           ; 0            ; 0       ; 0         ; 0    ; 0            ; |spi_sd|zrb_sd_core:spi_core                                                 ;              ;
;       |zrb_clk_generator:spi_clkgen| ; 23 (23)           ; 22 (22)      ; 0           ; 0            ; 0       ; 0         ; 0    ; 0            ; |spi_sd|zrb_sd_core:spi_core|zrb_clk_generator:spi_clkgen                    ;              ;
;       |zrb_spi_rxtx:spi_rxtx|        ; 88 (31)           ; 82 (22)      ; 0           ; 0            ; 0       ; 0         ; 0    ; 0            ; |spi_sd|zrb_sd_core:spi_core|zrb_spi_rxtx:spi_rxtx                           ;              ;
;          |zrb_sync_fifo:input_fifo|  ; 27 (27)           ; 22 (22)      ; 0           ; 0            ; 0       ; 0         ; 0    ; 0            ; |spi_sd|zrb_sd_core:spi_core|zrb_spi_rxtx:spi_rxtx|zrb_sync_fifo:input_fifo  ;              ;
;          |zrb_sync_fifo:output_fifo| ; 30 (30)           ; 38 (38)      ; 0           ; 0            ; 0       ; 0         ; 0    ; 0            ; |spi_sd|zrb_sd_core:spi_core|zrb_spi_rxtx:spi_rxtx|zrb_sync_fifo:output_fifo ;              ;
+--------------------------------------+-------------------+--------------+-------------+--------------+---------+-----------+------+--------------+------------------------------------------------------------------------------+--------------+
Note: For table entries with two numbers listed, the numbers in parentheses indicate the number of resources of the given type used by the specific entity alone. The numbers listed outside of parentheses indicate the total resources of the given type used by the specific entity and all of its sub-entities in the hierarchy.


Encoding Type:  One-Hot
+--------------------------------------------------------------------------------------------------------------------------+
; State Machine - |spi_sd|zrb_sd_core:spi_core|zrb_spi_rxtx:spi_rxtx|r_state                                               ;
+---------------------+---------------------+---------------------+--------------------+--------------+--------------------+
; Name                ; r_state.NEGEDGE_CLK ; r_state.POSEDGE_CLK ; r_state.SET_CLK_RD ; r_state.IDLE ; r_state.SET_CLK_WR ;
+---------------------+---------------------+---------------------+--------------------+--------------+--------------------+
; r_state.IDLE        ; 0                   ; 0                   ; 0                  ; 0            ; 0                  ;
; r_state.SET_CLK_RD  ; 0                   ; 0                   ; 1                  ; 1            ; 0                  ;
; r_state.POSEDGE_CLK ; 0                   ; 1                   ; 0                  ; 1            ; 0                  ;
; r_state.NEGEDGE_CLK ; 1                   ; 0                   ; 0                  ; 1            ; 0                  ;
; r_state.SET_CLK_WR  ; 0                   ; 0                   ; 0                  ; 1            ; 1                  ;
+---------------------+---------------------+---------------------+--------------------+--------------+--------------------+


+---------------------------------------------------------------------------------------------------------------------------------------------------------------------+
; Registers Removed During Synthesis                                                                                                                                  ;
+----------------------------------------------------------------------------+----------------------------------------------------------------------------------------+
; Register name                                                              ; Reason for Removal                                                                     ;
+----------------------------------------------------------------------------+----------------------------------------------------------------------------------------+
; zrb_sd_core:spi_core|zrb_clk_generator:spi_clkgen|r_tx[0..5]               ; Merged with zrb_sd_core:spi_core|zrb_clk_generator:spi_clkgen|r_tx[6]                  ;
; zrb_sd_core:spi_core|r_data[3,5]                                           ; Merged with zrb_sd_core:spi_core|r_data[1]                                             ;
; zrb_sd_core:spi_core|r_data[4,7]                                           ; Merged with zrb_sd_core:spi_core|r_data[2]                                             ;
; zrb_sd_core:spi_core|zrb_clk_generator:spi_clkgen|r_tx[6]                  ; Stuck at GND due to stuck port data_in                                                 ;
; zrb_sd_core:spi_core|zrb_spi_rxtx:spi_rxtx|r_state~6                       ; Lost fanout                                                                            ;
; zrb_sd_core:spi_core|zrb_spi_rxtx:spi_rxtx|r_state~7                       ; Lost fanout                                                                            ;
; zrb_sd_core:spi_core|zrb_spi_rxtx:spi_rxtx|zrb_sync_fifo:input_fifo|mem~2  ; Merged with zrb_sd_core:spi_core|zrb_spi_rxtx:spi_rxtx|zrb_sync_fifo:input_fifo|mem~7  ;
; zrb_sd_core:spi_core|zrb_spi_rxtx:spi_rxtx|zrb_sync_fifo:input_fifo|mem~4  ; Merged with zrb_sd_core:spi_core|zrb_spi_rxtx:spi_rxtx|zrb_sync_fifo:input_fifo|mem~7  ;
; zrb_sd_core:spi_core|zrb_spi_rxtx:spi_rxtx|zrb_sync_fifo:input_fifo|mem~12 ; Merged with zrb_sd_core:spi_core|zrb_spi_rxtx:spi_rxtx|zrb_sync_fifo:input_fifo|mem~15 ;
; zrb_sd_core:spi_core|zrb_spi_rxtx:spi_rxtx|zrb_sync_fifo:input_fifo|mem~10 ; Merged with zrb_sd_core:spi_core|zrb_spi_rxtx:spi_rxtx|zrb_sync_fifo:input_fifo|mem~15 ;
; zrb_sd_core:spi_core|zrb_spi_rxtx:spi_rxtx|zrb_sync_fifo:input_fifo|mem~18 ; Merged with zrb_sd_core:spi_core|zrb_spi_rxtx:spi_rxtx|zrb_sync_fifo:input_fifo|mem~23 ;
; zrb_sd_core:spi_core|zrb_spi_rxtx:spi_rxtx|zrb_sync_fifo:input_fifo|mem~20 ; Merged with zrb_sd_core:spi_core|zrb_spi_rxtx:spi_rxtx|zrb_sync_fifo:input_fifo|mem~23 ;
; zrb_sd_core:spi_core|zrb_spi_rxtx:spi_rxtx|zrb_sync_fifo:input_fifo|mem~28 ; Merged with zrb_sd_core:spi_core|zrb_spi_rxtx:spi_rxtx|zrb_sync_fifo:input_fifo|mem~31 ;
; zrb_sd_core:spi_core|zrb_spi_rxtx:spi_rxtx|zrb_sync_fifo:input_fifo|mem~26 ; Merged with zrb_sd_core:spi_core|zrb_spi_rxtx:spi_rxtx|zrb_sync_fifo:input_fifo|mem~31 ;
; zrb_sd_core:spi_core|zrb_spi_rxtx:spi_rxtx|zrb_sync_fifo:input_fifo|mem~3  ; Merged with zrb_sd_core:spi_core|zrb_spi_rxtx:spi_rxtx|zrb_sync_fifo:input_fifo|mem~5  ;
; zrb_sd_core:spi_core|zrb_spi_rxtx:spi_rxtx|zrb_sync_fifo:input_fifo|mem~1  ; Merged with zrb_sd_core:spi_core|zrb_spi_rxtx:spi_rxtx|zrb_sync_fifo:input_fifo|mem~5  ;
; zrb_sd_core:spi_core|zrb_spi_rxtx:spi_rxtx|zrb_sync_fifo:input_fifo|mem~9  ; Merged with zrb_sd_core:spi_core|zrb_spi_rxtx:spi_rxtx|zrb_sync_fifo:input_fifo|mem~13 ;
; zrb_sd_core:spi_core|zrb_spi_rxtx:spi_rxtx|zrb_sync_fifo:input_fifo|mem~11 ; Merged with zrb_sd_core:spi_core|zrb_spi_rxtx:spi_rxtx|zrb_sync_fifo:input_fifo|mem~13 ;
; zrb_sd_core:spi_core|zrb_spi_rxtx:spi_rxtx|zrb_sync_fifo:input_fifo|mem~19 ; Merged with zrb_sd_core:spi_core|zrb_spi_rxtx:spi_rxtx|zrb_sync_fifo:input_fifo|mem~21 ;
; zrb_sd_core:spi_core|zrb_spi_rxtx:spi_rxtx|zrb_sync_fifo:input_fifo|mem~17 ; Merged with zrb_sd_core:spi_core|zrb_spi_rxtx:spi_rxtx|zrb_sync_fifo:input_fifo|mem~21 ;
; zrb_sd_core:spi_core|zrb_spi_rxtx:spi_rxtx|zrb_sync_fifo:input_fifo|mem~25 ; Merged with zrb_sd_core:spi_core|zrb_spi_rxtx:spi_rxtx|zrb_sync_fifo:input_fifo|mem~29 ;
; zrb_sd_core:spi_core|zrb_spi_rxtx:spi_rxtx|zrb_sync_fifo:input_fifo|mem~27 ; Merged with zrb_sd_core:spi_core|zrb_spi_rxtx:spi_rxtx|zrb_sync_fifo:input_fifo|mem~29 ;
; Total Number of Removed Registers = 29                                     ;                                                                                        ;
+----------------------------------------------------------------------------+----------------------------------------------------------------------------------------+


+------------------------------------------------------+
; General Register Statistics                          ;
+----------------------------------------------+-------+
; Statistic                                    ; Value ;
+----------------------------------------------+-------+
; Total registers                              ; 137   ;
; Number of registers using Synchronous Clear  ; 26    ;
; Number of registers using Synchronous Load   ; 0     ;
; Number of registers using Asynchronous Clear ; 0     ;
; Number of registers using Asynchronous Load  ; 0     ;
; Number of registers using Clock Enable       ; 87    ;
; Number of registers using Preset             ; 0     ;
+----------------------------------------------+-------+


+--------------------------------------------------------------------------------------------------------------------------------------------------------------------------------------------+
; Multiplexer Restructuring Statistics (Restructuring Performed)                                                                                                                             ;
+--------------------+-----------+---------------+----------------------+------------------------+--------------------------------------------------------------+----------------------------+
; Multiplexer Inputs ; Bus Width ; Baseline Area ; Area if Restructured ; Saving if Restructured ; Registered                                                   ; Example Multiplexer Output ;
+--------------------+-----------+---------------+----------------------+------------------------+--------------------------------------------------------------+----------------------------+
; 6:1                ; 4 bits    ; 16 LEs        ; 4 LEs                ; 12 LEs                 ; |spi_sd|zrb_sd_core:spi_core|zrb_spi_rxtx:spi_rxtx|r_cnt[3]  ;                            ;
; 31:1               ; 4 bits    ; 80 LEs        ; 4 LEs                ; 76 LEs                 ; |spi_sd|zrb_sd_core:spi_core|r_cnt_power_on[1]               ;                            ;
; 7:1                ; 8 bits    ; 32 LEs        ; 8 LEs                ; 24 LEs                 ; |spi_sd|zrb_sd_core:spi_core|zrb_spi_rxtx:spi_rxtx|r_data[6] ;                            ;
; 46:1               ; 2 bits    ; 60 LEs        ; 8 LEs                ; 52 LEs                 ; |spi_sd|zrb_sd_core:spi_core|r_data[6]                       ;                            ;
; 36:1               ; 2 bits    ; 48 LEs        ; 12 LEs               ; 36 LEs                 ; |spi_sd|zrb_sd_core:spi_core|r_state[1]                      ;                            ;
; 36:1               ; 2 bits    ; 48 LEs        ; 16 LEs               ; 32 LEs                 ; |spi_sd|zrb_sd_core:spi_core|r_state[2]                      ;                            ;
+--------------------+-----------+---------------+----------------------+------------------------+--------------------------------------------------------------+----------------------------+


+-------------------------------------------------------------------+
; Parameter Settings for User Entity Instance: zrb_sd_core:spi_core ;
+----------------+-------+------------------------------------------+
; Parameter Name ; Value ; Type                                     ;
+----------------+-------+------------------------------------------+
; NUM_BITS       ; 8     ; Signed Integer                           ;
+----------------+-------+------------------------------------------+
Note: In order to hide this table in the UI and the text report file, please set the "Show Parameter Settings in Synthesis Report" option in "Analysis and Synthesis Settings -> More Settings" to "Off".


+-----------------------------------------------------------------------------------------+
; Parameter Settings for User Entity Instance: zrb_sd_core:spi_core|zrb_spi_rxtx:spi_rxtx ;
+----------------+-------+----------------------------------------------------------------+
; Parameter Name ; Value ; Type                                                           ;
+----------------+-------+----------------------------------------------------------------+
; NUM_BITS       ; 8     ; Signed Integer                                                 ;
+----------------+-------+----------------------------------------------------------------+
Note: In order to hide this table in the UI and the text report file, please set the "Show Parameter Settings in Synthesis Report" option in "Analysis and Synthesis Settings -> More Settings" to "Off".


+------------------------------------------------------------------------------------------------------------------+
; Parameter Settings for User Entity Instance: zrb_sd_core:spi_core|zrb_spi_rxtx:spi_rxtx|zrb_sync_fifo:input_fifo ;
+----------------+-------+-----------------------------------------------------------------------------------------+
; Parameter Name ; Value ; Type                                                                                    ;
+----------------+-------+-----------------------------------------------------------------------------------------+
; ADDR_WIDTH     ; 2     ; Signed Integer                                                                          ;
; DATA_WIDTH     ; 8     ; Signed Integer                                                                          ;
+----------------+-------+-----------------------------------------------------------------------------------------+
Note: In order to hide this table in the UI and the text report file, please set the "Show Parameter Settings in Synthesis Report" option in "Analysis and Synthesis Settings -> More Settings" to "Off".


+-------------------------------------------------------------------------------------------------------------------+
; Parameter Settings for User Entity Instance: zrb_sd_core:spi_core|zrb_spi_rxtx:spi_rxtx|zrb_sync_fifo:output_fifo ;
+----------------+-------+------------------------------------------------------------------------------------------+
; Parameter Name ; Value ; Type                                                                                     ;
+----------------+-------+------------------------------------------------------------------------------------------+
; ADDR_WIDTH     ; 2     ; Signed Integer                                                                           ;
; DATA_WIDTH     ; 8     ; Signed Integer                                                                           ;
+----------------+-------+------------------------------------------------------------------------------------------+
Note: In order to hide this table in the UI and the text report file, please set the "Show Parameter Settings in Synthesis Report" option in "Analysis and Synthesis Settings -> More Settings" to "Off".


+------------------------------------------------------------------------------------------------+
; Parameter Settings for User Entity Instance: zrb_sd_core:spi_core|zrb_clk_generator:spi_clkgen ;
+----------------+----------+--------------------------------------------------------------------+
; Parameter Name ; Value    ; Type                                                               ;
+----------------+----------+--------------------------------------------------------------------+
; INPUT_CLK      ; 50000000 ; Signed Integer                                                     ;
; OUTPUT_CLK     ; 5000000  ; Signed Integer                                                     ;
+----------------+----------+--------------------------------------------------------------------+
Note: In order to hide this table in the UI and the text report file, please set the "Show Parameter Settings in Synthesis Report" option in "Analysis and Synthesis Settings -> More Settings" to "Off".


+-------------------------------------------------------------------------------+
; Port Connectivity Checks: "zrb_sd_core:spi_core|zrb_clk_generator:spi_clkgen" ;
+----------------+-------+----------+-------------------------------------------+
; Port           ; Type  ; Severity ; Details                                   ;
+----------------+-------+----------+-------------------------------------------+
; low_full_speed ; Input ; Info     ; Stuck at VCC                              ;
+----------------+-------+----------+-------------------------------------------+


+--------------------------------------------------------------------------------------------------+
; Port Connectivity Checks: "zrb_sd_core:spi_core|zrb_spi_rxtx:spi_rxtx|zrb_sync_fifo:output_fifo" ;
+-------+-------+----------+-----------------------------------------------------------------------+
; Port  ; Type  ; Severity ; Details                                                               ;
+-------+-------+----------+-----------------------------------------------------------------------+
; reset ; Input ; Info     ; Stuck at GND                                                          ;
+-------+-------+----------+-----------------------------------------------------------------------+


+-------------------------------------------------------------------------------------------------+
; Port Connectivity Checks: "zrb_sd_core:spi_core|zrb_spi_rxtx:spi_rxtx|zrb_sync_fifo:input_fifo" ;
+-------+-------+----------+----------------------------------------------------------------------+
; Port  ; Type  ; Severity ; Details                                                              ;
+-------+-------+----------+----------------------------------------------------------------------+
; reset ; Input ; Info     ; Stuck at GND                                                         ;
+-------+-------+----------+----------------------------------------------------------------------+


+---------------------------------------------------------------------------------------------------------------------------+
; Port Connectivity Checks: "zrb_sd_core:spi_core|zrb_spi_rxtx:spi_rxtx"                                                    ;
+-----------------+--------+----------+-------------------------------------------------------------------------------------+
; Port            ; Type   ; Severity ; Details                                                                             ;
+-----------------+--------+----------+-------------------------------------------------------------------------------------+
; reset           ; Input  ; Info     ; Stuck at GND                                                                        ;
; cs              ; Output ; Info     ; Connected to dangling logic. Logic that only feeds a dangling port will be removed. ;
; spi_output_full ; Output ; Info     ; Connected to dangling logic. Logic that only feeds a dangling port will be removed. ;
; spi_input_empty ; Output ; Info     ; Connected to dangling logic. Logic that only feeds a dangling port will be removed. ;
+-----------------+--------+----------+-------------------------------------------------------------------------------------+


+-------------------------------------------------------+
; Port Connectivity Checks: "zrb_sd_core:spi_core"      ;
+----------+--------+----------+------------------------+
; Port     ; Type   ; Severity ; Details                ;
+----------+--------+----------+------------------------+
; data_in  ; Input  ; Info     ; Stuck at GND           ;
; wwe      ; Input  ; Info     ; Stuck at GND           ;
; wrd      ; Input  ; Info     ; Stuck at GND           ;
; data_out ; Output ; Info     ; Explicitly unconnected ;
+----------+--------+----------+------------------------+


+-------------------------------+
; Elapsed Time Per Partition    ;
+----------------+--------------+
; Partition Name ; Elapsed Time ;
+----------------+--------------+
; Top            ; 00:00:01     ;
+----------------+--------------+


+-------------------------------+
; Analysis & Synthesis Messages ;
+-------------------------------+
Info: *******************************************************************
Info: Running Quartus II Analysis & Synthesis
    Info: Version 11.0 Build 157 04/27/2011 SJ Full Version
    Info: Processing started: Mon Jan 21 22:55:46 2013
Info: Command: quartus_map --read_settings_files=on --write_settings_files=off spi_sd -c spi_sd
Info: Parallel compilation is enabled and will use 2 of the 2 processors detected
Info: Found 1 design units, including 1 entities, in source file spi_sd.v
    Info: Found entity 1: spi_sd
Info: Found 1 design units, including 1 entities, in source file zrb_sync_fifo.v
    Info: Found entity 1: zrb_sync_fifo
Info: Found 1 design units, including 1 entities, in source file zrb_clk_generator.v
    Info: Found entity 1: zrb_clk_generator
Info: Found 1 design units, including 1 entities, in source file zrb_spi_rxtx.v
    Info: Found entity 1: zrb_spi_rxtx
Info: Found 1 design units, including 1 entities, in source file zrb_sd_core.v
    Info: Found entity 1: zrb_sd_core
Info: Elaborating entity "spi_sd" for the top level hierarchy
Info: Elaborating entity "zrb_sd_core" for hierarchy "zrb_sd_core:spi_core"
Info (10264): Verilog HDL Case Statement information at zrb_sd_core.v(95): all case item expressions in this case statement are onehot
Info: Elaborating entity "zrb_spi_rxtx" for hierarchy "zrb_sd_core:spi_core|zrb_spi_rxtx:spi_rxtx"
Info: Elaborating entity "zrb_sync_fifo" for hierarchy "zrb_sd_core:spi_core|zrb_spi_rxtx:spi_rxtx|zrb_sync_fifo:input_fifo"
Info: Elaborating entity "zrb_clk_generator" for hierarchy "zrb_sd_core:spi_core|zrb_clk_generator:spi_clkgen"
Warning (10230): Verilog HDL assignment warning at zrb_clk_generator.v(13): truncated value with size 32 to match size of target (29)
Warning (10230): Verilog HDL assignment warning at zrb_clk_generator.v(15): truncated value with size 32 to match size of target (29)
Info: Found 2 instances of uninferred RAM logic
    Info: RAM logic "zrb_sd_core:spi_core|zrb_spi_rxtx:spi_rxtx|zrb_sync_fifo:input_fifo|mem" is uninferred due to inappropriate RAM size
    Info: RAM logic "zrb_sd_core:spi_core|zrb_spi_rxtx:spi_rxtx|zrb_sync_fifo:output_fifo|mem" is uninferred due to inappropriate RAM size
Info: 2 registers lost all their fanouts during netlist optimizations. The first 2 are displayed below.
    Info: Register "zrb_sd_core:spi_core|zrb_spi_rxtx:spi_rxtx|r_state~6" lost all its fanouts during netlist optimizations.
    Info: Register "zrb_sd_core:spi_core|zrb_spi_rxtx:spi_rxtx|r_state~7" lost all its fanouts during netlist optimizations.
Info: Generated suppressed messages file C:/altera/11.0/spi_sd/spi_sd.map.smsg
Info: Generating hard_block partition "hard_block:auto_generated_inst"
Info: Implemented 275 device resources after synthesis - the final resource count might be different
    Info: Implemented 2 input pins
    Info: Implemented 4 output pins
    Info: Implemented 269 logic cells
Info: Quartus II Analysis & Synthesis was successful. 0 errors, 2 warnings
    Info: Peak virtual memory: 268 megabytes
    Info: Processing ended: Mon Jan 21 22:55:48 2013
    Info: Elapsed time: 00:00:02
    Info: Total CPU time (on all processors): 00:00:02


+------------------------------------------+
; Analysis & Synthesis Suppressed Messages ;
+------------------------------------------+
The suppressed messages can be found in C:/altera/11.0/spi_sd/spi_sd.map.smsg.


